lerna(verbose) GitUtilities.isInitialized    ()
lerna(verbose) GitUtilities.isInitialized    () => true
lerna(verbose) GitUtilities.getTopLevelDirectory()
lerna(verbose) GitUtilities.getTopLevelDirectory() => "."
lerna(verbose) FileSystemUtilities.existsSync("./lerna.json")
lerna(verbose) FileSystemUtilities.existsSync("./lerna.json") => true
lerna(verbose) FileSystemUtilities.readFileSync("./lerna.json")
lerna(verbose) FileSystemUtilities.readFileSync("./lerna.json") => "{\n  \"lerna\": \"2.0.0-beta.31\",\n  \"packages\": [\n    \"packages/*\"\n  ],\n  \"version\": \"independent\"\n}"
lerna(verbose) FileSystemUtilities.existsSync("./package.json")
lerna(verbose) FileSystemUtilities.existsSync("./package.json") => true
lerna(verbose) FileSystemUtilities.readFileSync("./package.json")
lerna(verbose) FileSystemUtilities.readFileSync("./package.json") => "{\n  \"name\": \"ckeditor5-dev\",\n  \"version\": \"1.0.0\",\n  \"description\": \"CKEditor 5 development tools.\",\n  \"main\": \"index.js\",\n  \"dependencies\": {},\n  \"devDependencies\": {\n    \"lerna\": \"2.0.0-beta.31\"\n  },\n  \"scripts\": {\n    \"test\": \"echo \\\"Error: no test specified\\\" && exit 1\"\n  },\n  \"repository\": {\n    \"type\": \"git\",\n    \"url\": \"git+https://github.com/ckeditor/ckeditor5-dev.git\"\n  },\n  \"author\": \"CKSource (http://cksource.com/)\",\n  \"license\": \"(GPL-2.0 OR LGPL-2.1 OR MPL-1.1)\",\n  \"bugs\": {\n    \"url\": \"https://github.com/ckeditor/ckeditor5-dev/issues\"\n  },\n  \"homepage\": \"https://github.com/ckeditor/ckeditor5-dev#readme\"\n}"
lerna(info)    Lerna v2.0.0-beta.31
lerna(info)    Independent Versioning Mode
lerna(verbose) FileSystemUtilities.existsSync("./package.json")
lerna(verbose) FileSystemUtilities.existsSync("./package.json") => true
lerna(verbose) FileSystemUtilities.existsSync("./lerna.json")
lerna(verbose) FileSystemUtilities.existsSync("./lerna.json") => true
lerna(verbose) FileSystemUtilities.existsSync("./VERSION")
lerna(verbose) FileSystemUtilities.existsSync("./VERSION") => false
lerna(verbose) FileSystemUtilities.existsSync("./packages/ckeditor5-dev-lint/package.json")
lerna(verbose) FileSystemUtilities.existsSync("./packages/ckeditor5-dev-lint/package.json") => true
lerna(error)   Errored while collecting packages and package graph
    SyntaxError: /www/ckeditor5/ckeditor5-dev/packages/ckeditor5-dev-lint/package.json: Unexpected token } in JSON at position 1062
        at Object.parse (native)
        at Object.Module._extensions..json (module.js:587:27)
        at Module.load (module.js:487:32)
        at tryModuleLoad (module.js:446:12)
        at Function.Module._load (module.js:438:3)
        at Module.require (module.js:497:17)
        at require (internal/module.js:20:19)
        at /usr/local/lib/node_modules/lerna/lib/PackageUtilities.js:84:29
        at Array.forEach (native)
        at /usr/local/lib/node_modules/lerna/lib/PackageUtilities.js:77:12
